#
# There is insufficient memory for the Java Runtime Environment to continue.
# Native memory allocation (malloc) failed to allocate 1195536 bytes for Chunk::new
# Possible reasons:
#   The system is out of physical RAM or swap space
#   The process is running with CompressedOops enabled, and the Java Heap may be blocking the growth of the native heap
# Possible solutions:
#   Reduce memory load on the system
#   Increase physical memory or swap space
#   Check if swap backing store is full
#   Decrease Java heap size (-Xmx/-Xms)
#   Decrease number of Java threads
#   Decrease Java thread stack sizes (-Xss)
#   Set larger code cache with -XX:ReservedCodeCacheSize=
#   JVM is running with Unscaled Compressed Oops mode in which the Java heap is
#     placed in the first 4GB address space. The Java Heap base address is the
#     maximum limit for the native heap growth. Please use -XX:HeapBaseMinAddress
#     to set the Java Heap base and to place the Java Heap above 4GB virtual address.
# This output file may be truncated or incomplete.
#
#  Out of Memory Error (./src/hotspot/share/memory/arena.cpp:197), pid=9828, tid=19124
#
# JRE version: OpenJDK Runtime Environment 18.9 (11.0.14.1+1) (build 11.0.14.1+1)
# Java VM: OpenJDK 64-Bit Server VM 18.9 (11.0.14.1+1, mixed mode, tiered, compressed oops, g1 gc, windows-amd64)
# No core dump will be written. Minidumps are not enabled by default on client versions of Windows
#

---------------  S U M M A R Y ------------

Command Line: org.jetbrains.kotlin.cli.jvm.K2JVMCompiler @C:\Users\jonie\Documents\Projetos React Native\DesafioGitHubExplorer\node_modules\react-native-screens\android\build\20220908_10536744976628038346.compiler.options

Host: Intel(R) Core(TM) i3-7020U CPU @ 2.30GHz, 4 cores, 3G,  Windows 10 , 64 bit Build 19041 (10.0.19041.1889)
Time: Thu Sep  8 17:15:04 2022 Hora oficial do Brasil elapsed time: 18.493106 seconds (0d 0h 0m 18s)

---------------  T H R E A D  ---------------

Current thread (0x00000214b56a6000):  JavaThread "C2 CompilerThread0" daemon [_thread_in_native, id=19124, stack(0x000000ed72900000,0x000000ed72a00000)]


Current CompileTask:
C2:  18493 7448       4       org.jetbrains.kotlin.types.TypeUtils::contains (298 bytes)

Stack: [0x000000ed72900000,0x000000ed72a00000]
Native frames: (J=compiled Java code, j=interpreted, Vv=VM code, C=native code)
V  [jvm.dll+0x619a2a]
V  [jvm.dll+0x756479]
V  [jvm.dll+0x757b68]
V  [jvm.dll+0x758243]
V  [jvm.dll+0x24d898]
V  [jvm.dll+0xc145c]
V  [jvm.dll+0xc1a1c]
V  [jvm.dll+0x356d07]
V  [jvm.dll+0x19ce79]
V  [jvm.dll+0x206d32]
V  [jvm.dll+0x205e0d]
V  [jvm.dll+0x187dd1]
V  [jvm.dll+0x215664]
V  [jvm.dll+0x2138ab]
V  [jvm.dll+0x719160]
V  [jvm.dll+0x7120c4]
V  [jvm.dll+0x618886]
C  [ucrtbase.dll+0x21bb2]
C  [KERNEL32.DLL+0x17034]
C  [ntdll.dll+0x52651]


---------------  P R O C E S S  ---------------

Threads class SMR info:
_java_thread_list=0x00000214b594e770, length=10, elements={
0x0000021498ddc800, 0x00000214b5683000, 0x00000214b568e000, 0x00000214b56f6800,
0x00000214b569f000, 0x00000214b56a0000, 0x00000214b56a6000, 0x00000214b56ac800,
0x00000214b5883000, 0x00000214b5982800
}

Java Threads: ( => current thread )
  0x0000021498ddc800 JavaThread "main" [_thread_in_vm, id=6364, stack(0x000000ed71d00000,0x000000ed71e00000)]
  0x00000214b5683000 JavaThread "Reference Handler" daemon [_thread_blocked, id=4592, stack(0x000000ed72400000,0x000000ed72500000)]
  0x00000214b568e000 JavaThread "Finalizer" daemon [_thread_blocked, id=8792, stack(0x000000ed72500000,0x000000ed72600000)]
  0x00000214b56f6800 JavaThread "Signal Dispatcher" daemon [_thread_blocked, id=7576, stack(0x000000ed72600000,0x000000ed72700000)]
  0x00000214b569f000 JavaThread "Attach Listener" daemon [_thread_blocked, id=14532, stack(0x000000ed72700000,0x000000ed72800000)]
  0x00000214b56a0000 JavaThread "Service Thread" daemon [_thread_blocked, id=12052, stack(0x000000ed72800000,0x000000ed72900000)]
=>0x00000214b56a6000 JavaThread "C2 CompilerThread0" daemon [_thread_in_native, id=19124, stack(0x000000ed72900000,0x000000ed72a00000)]
  0x00000214b56ac800 JavaThread "C1 CompilerThread0" daemon [_thread_blocked, id=7048, stack(0x000000ed72a00000,0x000000ed72b00000)]
  0x00000214b5883000 JavaThread "Sweeper thread" daemon [_thread_blocked, id=6632, stack(0x000000ed72b00000,0x000000ed72c00000)]
  0x00000214b5982800 JavaThread "Common-Cleaner" daemon [_thread_blocked, id=19244, stack(0x000000ed72d00000,0x000000ed72e00000)]

Other Threads:
  0x00000214b565e000 VMThread "VM Thread" [stack: 0x000000ed72300000,0x000000ed72400000] [id=17612]
  0x00000214b597a000 WatcherThread [stack: 0x000000ed72c00000,0x000000ed72d00000] [id=19192]
  0x0000021498df4000 GCTaskThread "GC Thread#0" [stack: 0x000000ed71e00000,0x000000ed71f00000] [id=2112]
  0x00000214b5ec6000 GCTaskThread "GC Thread#1" [stack: 0x000000ed72e00000,0x000000ed72f00000] [id=5912]
  0x0000021498e0e800 ConcurrentGCThread "G1 Main Marker" [stack: 0x000000ed71f00000,0x000000ed72000000] [id=13220]
  0x0000021498e11000 ConcurrentGCThread "G1 Conc#0" [stack: 0x000000ed72000000,0x000000ed72100000] [id=13844]
  0x0000021498e54800 ConcurrentGCThread "G1 Refine#0" [stack: 0x000000ed72100000,0x000000ed72200000] [id=4752]
  0x0000021498e56000 ConcurrentGCThread "G1 Young RemSet Sampling" [stack: 0x000000ed72200000,0x000000ed72300000] [id=5364]

Threads with active compile tasks:
C2 CompilerThread0  18605 7448       4       org.jetbrains.kotlin.types.TypeUtils::contains (298 bytes)

VM state:not at safepoint (normal execution)

VM Mutex/Monitor currently owned by a thread: None

Heap address: 0x00000000c2000000, size: 992 MB, Compressed Oops mode: 32-bit
Narrow klass base: 0x0000000000000000, Narrow klass shift: 3
Compressed class space size: 1073741824 Address: 0x0000000100000000

Heap:
 garbage-first heap   total 110592K, used 81606K [0x00000000c2000000, 0x0000000100000000)
  region size 1024K, 28 young (28672K), 3 survivors (3072K)
 Metaspace       used 54414K, capacity 54941K, committed 55168K, reserved 1097728K
  class space    used 6054K, capacity 6244K, committed 6272K, reserved 1048576K
Heap Regions: E=young(eden), S=young(survivor), O=old, HS=humongous(starts), HC=humongous(continues), CS=collection set, F=free, A=archive, TAMS=top-at-mark-start (previous, next)
|   0|0x00000000c2000000, 0x00000000c2100000, 0x00000000c2100000|100%|HS|  |TAMS 0x00000000c2100000, 0x00000000c2000000| Complete 
|   1|0x00000000c2100000, 0x00000000c2200000, 0x00000000c2200000|100%|HC|  |TAMS 0x00000000c2200000, 0x00000000c2100000| Complete 
|   2|0x00000000c2200000, 0x00000000c2300000, 0x00000000c2300000|100%|HC|  |TAMS 0x00000000c2300000, 0x00000000c2200000| Complete 
|   3|0x00000000c2300000, 0x00000000c2400000, 0x00000000c2400000|100%| O|  |TAMS 0x00000000c2400000, 0x00000000c2300000| Untracked 
|   4|0x00000000c2400000, 0x00000000c2500000, 0x00000000c2500000|100%| O|  |TAMS 0x00000000c2500000, 0x00000000c2400000| Untracked 
|   5|0x00000000c2500000, 0x00000000c2600000, 0x00000000c2600000|100%| O|  |TAMS 0x00000000c2600000, 0x00000000c2500000| Untracked 
|   6|0x00000000c2600000, 0x00000000c2700000, 0x00000000c2700000|100%| O|  |TAMS 0x00000000c2700000, 0x00000000c2600000| Untracked 
|   7|0x00000000c2700000, 0x00000000c2800000, 0x00000000c2800000|100%| O|  |TAMS 0x00000000c2800000, 0x00000000c2700000| Untracked 
|   8|0x00000000c2800000, 0x00000000c2900000, 0x00000000c2900000|100%| O|  |TAMS 0x00000000c2900000, 0x00000000c2800000| Untracked 
|   9|0x00000000c2900000, 0x00000000c2a00000, 0x00000000c2a00000|100%| O|  |TAMS 0x00000000c2a00000, 0x00000000c2900000| Untracked 
|  10|0x00000000c2a00000, 0x00000000c2b00000, 0x00000000c2b00000|100%| O|  |TAMS 0x00000000c2b00000, 0x00000000c2a00000| Untracked 
|  11|0x00000000c2b00000, 0x00000000c2c00000, 0x00000000c2c00000|100%| O|  |TAMS 0x00000000c2c00000, 0x00000000c2b00000| Untracked 
|  12|0x00000000c2c00000, 0x00000000c2d00000, 0x00000000c2d00000|100%| O|  |TAMS 0x00000000c2d00000, 0x00000000c2c00000| Untracked 
|  13|0x00000000c2d00000, 0x00000000c2e00000, 0x00000000c2e00000|100%| O|  |TAMS 0x00000000c2e00000, 0x00000000c2d00000| Untracked 
|  14|0x00000000c2e00000, 0x00000000c2f00000, 0x00000000c2f00000|100%|HS|  |TAMS 0x00000000c2f00000, 0x00000000c2e00000| Complete 
|  15|0x00000000c2f00000, 0x00000000c3000000, 0x00000000c3000000|100%|HC|  |TAMS 0x00000000c3000000, 0x00000000c2f00000| Complete 
|  16|0x00000000c3000000, 0x00000000c3100000, 0x00000000c3100000|100%| O|  |TAMS 0x00000000c3100000, 0x00000000c3000000| Untracked 
|  17|0x00000000c3100000, 0x00000000c3200000, 0x00000000c3200000|100%| O|  |TAMS 0x00000000c3200000, 0x00000000c3100000| Untracked 
|  18|0x00000000c3200000, 0x00000000c3300000, 0x00000000c3300000|100%| O|  |TAMS 0x00000000c3300000, 0x00000000c3200000| Untracked 
|  19|0x00000000c3300000, 0x00000000c3400000, 0x00000000c3400000|100%| O|  |TAMS 0x00000000c3400000, 0x00000000c3300000| Untracked 
|  20|0x00000000c3400000, 0x00000000c3500000, 0x00000000c3500000|100%| O|  |TAMS 0x00000000c34fc200, 0x00000000c3400000| Untracked 
|  21|0x00000000c3500000, 0x00000000c3600000, 0x00000000c3600000|100%| O|  |TAMS 0x00000000c3500000, 0x00000000c3500000| Untracked 
|  22|0x00000000c3600000, 0x00000000c3700000, 0x00000000c3700000|100%| O|  |TAMS 0x00000000c3600000, 0x00000000c3600000| Untracked 
|  23|0x00000000c3700000, 0x00000000c3800000, 0x00000000c3800000|100%| O|  |TAMS 0x00000000c3700000, 0x00000000c3700000| Untracked 
|  24|0x00000000c3800000, 0x00000000c3900000, 0x00000000c3900000|100%| O|  |TAMS 0x00000000c3800000, 0x00000000c3800000| Untracked 
|  25|0x00000000c3900000, 0x00000000c3a00000, 0x00000000c3a00000|100%| O|  |TAMS 0x00000000c3900000, 0x00000000c3900000| Untracked 
|  26|0x00000000c3a00000, 0x00000000c3b00000, 0x00000000c3b00000|100%| O|  |TAMS 0x00000000c3a00000, 0x00000000c3a00000| Untracked 
|  27|0x00000000c3b00000, 0x00000000c3c00000, 0x00000000c3c00000|100%| O|  |TAMS 0x00000000c3b00000, 0x00000000c3b00000| Untracked 
|  28|0x00000000c3c00000, 0x00000000c3d00000, 0x00000000c3d00000|100%| O|  |TAMS 0x00000000c3c00000, 0x00000000c3c00000| Untracked 
|  29|0x00000000c3d00000, 0x00000000c3e00000, 0x00000000c3e00000|100%| O|  |TAMS 0x00000000c3d00000, 0x00000000c3d00000| Untracked 
|  30|0x00000000c3e00000, 0x00000000c3f00000, 0x00000000c3f00000|100%| O|  |TAMS 0x00000000c3e00000, 0x00000000c3e00000| Untracked 
|  31|0x00000000c3f00000, 0x00000000c4000000, 0x00000000c4000000|100%| O|  |TAMS 0x00000000c3f00000, 0x00000000c3f00000| Untracked 
|  32|0x00000000c4000000, 0x00000000c4100000, 0x00000000c4100000|100%| O|  |TAMS 0x00000000c4000000, 0x00000000c4000000| Untracked 
|  33|0x00000000c4100000, 0x00000000c4200000, 0x00000000c4200000|100%| O|  |TAMS 0x00000000c4100000, 0x00000000c4100000| Untracked 
|  34|0x00000000c4200000, 0x00000000c4300000, 0x00000000c4300000|100%| O|  |TAMS 0x00000000c4200000, 0x00000000c4200000| Untracked 
|  35|0x00000000c4300000, 0x00000000c4400000, 0x00000000c4400000|100%| O|  |TAMS 0x00000000c4300000, 0x00000000c4300000| Untracked 
|  36|0x00000000c4400000, 0x00000000c4500000, 0x00000000c4500000|100%| O|  |TAMS 0x00000000c4400000, 0x00000000c4400000| Untracked 
|  37|0x00000000c4500000, 0x00000000c4600000, 0x00000000c4600000|100%| O|  |TAMS 0x00000000c4500000, 0x00000000c4500000| Untracked 
|  38|0x00000000c4600000, 0x00000000c4700000, 0x00000000c4700000|100%| O|  |TAMS 0x00000000c4600000, 0x00000000c4600000| Untracked 
|  39|0x00000000c4700000, 0x00000000c4800000, 0x00000000c4800000|100%| O|  |TAMS 0x00000000c4700000, 0x00000000c4700000| Untracked 
|  40|0x00000000c4800000, 0x00000000c4900000, 0x00000000c4900000|100%| O|  |TAMS 0x00000000c4800000, 0x00000000c4800000| Untracked 
|  41|0x00000000c4900000, 0x00000000c4a00000, 0x00000000c4a00000|100%| O|  |TAMS 0x00000000c4900000, 0x00000000c4900000| Untracked 
|  42|0x00000000c4a00000, 0x00000000c4b00000, 0x00000000c4b00000|100%| O|  |TAMS 0x00000000c4a00000, 0x00000000c4a00000| Untracked 
|  43|0x00000000c4b00000, 0x00000000c4c00000, 0x00000000c4c00000|100%| O|  |TAMS 0x00000000c4b00000, 0x00000000c4b00000| Untracked 
|  44|0x00000000c4c00000, 0x00000000c4d00000, 0x00000000c4d00000|100%| O|  |TAMS 0x00000000c4c00000, 0x00000000c4c00000| Untracked 
|  45|0x00000000c4d00000, 0x00000000c4e00000, 0x00000000c4e00000|100%| O|  |TAMS 0x00000000c4d00000, 0x00000000c4d00000| Untracked 
|  46|0x00000000c4e00000, 0x00000000c4f00000, 0x00000000c4f00000|100%| O|  |TAMS 0x00000000c4e00000, 0x00000000c4e00000| Untracked 
|  47|0x00000000c4f00000, 0x00000000c5000000, 0x00000000c5000000|100%| O|  |TAMS 0x00000000c4f00000, 0x00000000c4f00000| Untracked 
|  48|0x00000000c5000000, 0x00000000c5100000, 0x00000000c5100000|100%| O|  |TAMS 0x00000000c5000000, 0x00000000c5000000| Untracked 
|  49|0x00000000c5100000, 0x00000000c5200000, 0x00000000c5200000|100%| O|  |TAMS 0x00000000c5100000, 0x00000000c5100000| Untracked 
|  50|0x00000000c5200000, 0x00000000c5300000, 0x00000000c5300000|100%| O|  |TAMS 0x00000000c5200000, 0x00000000c5200000| Untracked 
|  51|0x00000000c5300000, 0x00000000c5400000, 0x00000000c5400000|100%| O|  |TAMS 0x00000000c5300000, 0x00000000c5300000| Untracked 
|  52|0x00000000c5400000, 0x00000000c54cde00, 0x00000000c5500000| 80%| O|  |TAMS 0x00000000c5400000, 0x00000000c5400000| Untracked 
|  53|0x00000000c5500000, 0x00000000c5500000, 0x00000000c5600000|  0%| F|  |TAMS 0x00000000c5500000, 0x00000000c5500000| Untracked 
|  54|0x00000000c5600000, 0x00000000c5600000, 0x00000000c5700000|  0%| F|  |TAMS 0x00000000c5600000, 0x00000000c5600000| Untracked 
|  55|0x00000000c5700000, 0x00000000c5700000, 0x00000000c5800000|  0%| F|  |TAMS 0x00000000c5700000, 0x00000000c5700000| Untracked 
|  56|0x00000000c5800000, 0x00000000c5800000, 0x00000000c5900000|  0%| F|  |TAMS 0x00000000c5800000, 0x00000000c5800000| Untracked 
|  57|0x00000000c5900000, 0x00000000c5900000, 0x00000000c5a00000|  0%| F|  |TAMS 0x00000000c5900000, 0x00000000c5900000| Untracked 
|  58|0x00000000c5a00000, 0x00000000c5a00000, 0x00000000c5b00000|  0%| F|  |TAMS 0x00000000c5a00000, 0x00000000c5a00000| Untracked 
|  59|0x00000000c5b00000, 0x00000000c5b00000, 0x00000000c5c00000|  0%| F|  |TAMS 0x00000000c5b00000, 0x00000000c5b00000| Untracked 
|  60|0x00000000c5c00000, 0x00000000c5c00000, 0x00000000c5d00000|  0%| F|  |TAMS 0x00000000c5c00000, 0x00000000c5c00000| Untracked 
|  61|0x00000000c5d00000, 0x00000000c5d00000, 0x00000000c5e00000|  0%| F|  |TAMS 0x00000000c5d00000, 0x00000000c5d00000| Untracked 
|  62|0x00000000c5e00000, 0x00000000c5e00000, 0x00000000c5f00000|  0%| F|  |TAMS 0x00000000c5e00000, 0x00000000c5e00000| Untracked 
|  63|0x00000000c5f00000, 0x00000000c5f00000, 0x00000000c6000000|  0%| F|  |TAMS 0x00000000c5f00000, 0x00000000c5f00000| Untracked 
|  64|0x00000000c6000000, 0x00000000c6000000, 0x00000000c6100000|  0%| F|  |TAMS 0x00000000c6000000, 0x00000000c6000000| Untracked 
|  65|0x00000000c6100000, 0x00000000c6100000, 0x00000000c6200000|  0%| F|  |TAMS 0x00000000c6100000, 0x00000000c6100000| Untracked 
|  66|0x00000000c6200000, 0x00000000c6200000, 0x00000000c6300000|  0%| F|  |TAMS 0x00000000c6200000, 0x00000000c6200000| Untracked 
|  67|0x00000000c6300000, 0x00000000c6300000, 0x00000000c6400000|  0%| F|  |TAMS 0x00000000c6300000, 0x00000000c6300000| Untracked 
|  68|0x00000000c6400000, 0x00000000c6400000, 0x00000000c6500000|  0%| F|  |TAMS 0x00000000c6400000, 0x00000000c6400000| Untracked 
|  69|0x00000000c6500000, 0x00000000c6500000, 0x00000000c6600000|  0%| F|  |TAMS 0x00000000c6500000, 0x00000000c6500000| Untracked 
|  70|0x00000000c6600000, 0x00000000c6600000, 0x00000000c6700000|  0%| F|  |TAMS 0x00000000c6600000, 0x00000000c6600000| Untracked 
|  71|0x00000000c6700000, 0x00000000c6700000, 0x00000000c6800000|  0%| F|  |TAMS 0x00000000c6700000, 0x00000000c6700000| Untracked 
|  72|0x00000000c6800000, 0x00000000c68e3c50, 0x00000000c6900000| 88%| S|CS|TAMS 0x00000000c6800000, 0x00000000c6800000| Complete 
|  73|0x00000000c6900000, 0x00000000c6900000, 0x00000000c6a00000|  0%| F|  |TAMS 0x00000000c6900000, 0x00000000c6900000| Untracked 
|  74|0x00000000c6a00000, 0x00000000c6a00000, 0x00000000c6b00000|  0%| F|  |TAMS 0x00000000c6a00000, 0x00000000c6a00000| Untracked 
|  75|0x00000000c6b00000, 0x00000000c6b00000, 0x00000000c6c00000|  0%| F|  |TAMS 0x00000000c6b00000, 0x00000000c6b00000| Untracked 
|  76|0x00000000c6c00000, 0x00000000c6c00000, 0x00000000c6d00000|  0%| F|  |TAMS 0x00000000c6c00000, 0x00000000c6c00000| Untracked 
|  77|0x00000000c6d00000, 0x00000000c6d00000, 0x00000000c6e00000|  0%| F|  |TAMS 0x00000000c6d00000, 0x00000000c6d00000| Untracked 
|  78|0x00000000c6e00000, 0x00000000c6f00000, 0x00000000c6f00000|100%| S|CS|TAMS 0x00000000c6e00000, 0x00000000c6e00000| Complete 
|  79|0x00000000c6f00000, 0x00000000c7000000, 0x00000000c7000000|100%| S|CS|TAMS 0x00000000c6f00000, 0x00000000c6f00000| Complete 
|  80|0x00000000c7000000, 0x00000000c7000000, 0x00000000c7100000|  0%| F|  |TAMS 0x00000000c7000000, 0x00000000c7000000| Untracked 
|  81|0x00000000c7100000, 0x00000000c7100000, 0x00000000c7200000|  0%| F|  |TAMS 0x00000000c7100000, 0x00000000c7100000| Untracked 
|  82|0x00000000c7200000, 0x00000000c7200000, 0x00000000c7300000|  0%| F|  |TAMS 0x00000000c7200000, 0x00000000c7200000| Untracked 
|  83|0x00000000c7300000, 0x00000000c7380c10, 0x00000000c7400000| 50%| E|  |TAMS 0x00000000c7300000, 0x00000000c7300000| Complete 
|  84|0x00000000c7400000, 0x00000000c7500000, 0x00000000c7500000|100%| E|CS|TAMS 0x00000000c7400000, 0x00000000c7400000| Complete 
|  85|0x00000000c7500000, 0x00000000c7600000, 0x00000000c7600000|100%| E|CS|TAMS 0x00000000c7500000, 0x00000000c7500000| Complete 
|  86|0x00000000c7600000, 0x00000000c7700000, 0x00000000c7700000|100%| E|CS|TAMS 0x00000000c7600000, 0x00000000c7600000| Complete 
|  87|0x00000000c7700000, 0x00000000c7800000, 0x00000000c7800000|100%| E|CS|TAMS 0x00000000c7700000, 0x00000000c7700000| Complete 
|  88|0x00000000c7800000, 0x00000000c7900000, 0x00000000c7900000|100%| E|CS|TAMS 0x00000000c7800000, 0x00000000c7800000| Complete 
|  89|0x00000000c7900000, 0x00000000c7a00000, 0x00000000c7a00000|100%| E|CS|TAMS 0x00000000c7900000, 0x00000000c7900000| Complete 
|  90|0x00000000c7a00000, 0x00000000c7b00000, 0x00000000c7b00000|100%| E|CS|TAMS 0x00000000c7a00000, 0x00000000c7a00000| Complete 
|  91|0x00000000c7b00000, 0x00000000c7c00000, 0x00000000c7c00000|100%| E|CS|TAMS 0x00000000c7b00000, 0x00000000c7b00000| Complete 
|  92|0x00000000c7c00000, 0x00000000c7d00000, 0x00000000c7d00000|100%| E|CS|TAMS 0x00000000c7c00000, 0x00000000c7c00000| Complete 
|  93|0x00000000c7d00000, 0x00000000c7e00000, 0x00000000c7e00000|100%| E|CS|TAMS 0x00000000c7d00000, 0x00000000c7d00000| Complete 
|  94|0x00000000c7e00000, 0x00000000c7f00000, 0x00000000c7f00000|100%| E|CS|TAMS 0x00000000c7e00000, 0x00000000c7e00000| Complete 
|  95|0x00000000c7f00000, 0x00000000c8000000, 0x00000000c8000000|100%| E|CS|TAMS 0x00000000c7f00000, 0x00000000c7f00000| Complete 
|  96|0x00000000c8000000, 0x00000000c8100000, 0x00000000c8100000|100%| E|CS|TAMS 0x00000000c8000000, 0x00000000c8000000| Complete 
|  97|0x00000000c8100000, 0x00000000c8200000, 0x00000000c8200000|100%| E|CS|TAMS 0x00000000c8100000, 0x00000000c8100000| Complete 
|  98|0x00000000c8200000, 0x00000000c8300000, 0x00000000c8300000|100%| E|CS|TAMS 0x00000000c8200000, 0x00000000c8200000| Complete 
|  99|0x00000000c8300000, 0x00000000c8400000, 0x00000000c8400000|100%| E|CS|TAMS 0x00000000c8300000, 0x00000000c8300000| Complete 
| 100|0x00000000c8400000, 0x00000000c8500000, 0x00000000c8500000|100%| E|CS|TAMS 0x00000000c8400000, 0x00000000c8400000| Complete 
| 101|0x00000000c8500000, 0x00000000c8600000, 0x00000000c8600000|100%| E|CS|TAMS 0x00000000c8500000, 0x00000000c8500000| Complete 
| 102|0x00000000c8600000, 0x00000000c8700000, 0x00000000c8700000|100%| E|CS|TAMS 0x00000000c8600000, 0x00000000c8600000| Complete 
| 103|0x00000000c8700000, 0x00000000c8800000, 0x00000000c8800000|100%| E|CS|TAMS 0x00000000c8700000, 0x00000000c8700000| Complete 
| 104|0x00000000c8800000, 0x00000000c8900000, 0x00000000c8900000|100%| E|CS|TAMS 0x00000000c8800000, 0x00000000c8800000| Complete 
| 105|0x00000000c8900000, 0x00000000c8a00000, 0x00000000c8a00000|100%| E|CS|TAMS 0x00000000c8900000, 0x00000000c8900000| Complete 
| 106|0x00000000c8a00000, 0x00000000c8b00000, 0x00000000c8b00000|100%| E|CS|TAMS 0x00000000c8a00000, 0x00000000c8a00000| Complete 
| 107|0x00000000c8b00000, 0x00000000c8c00000, 0x00000000c8c00000|100%| E|CS|TAMS 0x00000000c8b00000, 0x00000000c8b00000| Complete 

Card table byte_map: [0x00000214b0710000,0x00000214b0900000] _byte_map_base: 0x00000214b0100000

Marking Bits (Prev, Next): (CMBitMap*) 0x0000021498e09cf8, (CMBitMap*) 0x0000021498e09d30
 Prev Bits: [0x00000214b0af0000, 0x00000214b1a70000)
 Next Bits: [0x00000214b1a70000, 0x00000214b29f0000)

Polling page: 0x00000214985c0000

Metaspace:

Usage:
  Non-class:     47.56 MB capacity,    47.23 MB (>99%) used,   256.13 KB ( <1%) free+waste,    80.94 KB ( <1%) overhead. 
      Class:      6.10 MB capacity,     5.91 MB ( 97%) used,   157.13 KB (  3%) free+waste,    32.56 KB ( <1%) overhead. 
       Both:     53.65 MB capacity,    53.14 MB (>99%) used,   413.27 KB ( <1%) free+waste,   113.50 KB ( <1%) overhead. 

Virtual space:
  Non-class space:       48.00 MB reserved,      47.75 MB (>99%) committed 
      Class space:        1.00 GB reserved,       6.13 MB ( <1%) committed 
             Both:        1.05 GB reserved,      53.88 MB (  5%) committed 

Chunk freelists:
   Non-Class:  7.00 KB
       Class:  28.00 KB
        Both:  35.00 KB

MaxMetaspaceSize: 17179869184.00 GB
CompressedClassSpaceSize: 1.00 GB
Initial GC threshold: 20.80 MB
Current GC threshold: 58.75 MB
CDS: off

CodeHeap 'non-profiled nmethods': size=120064Kb used=2713Kb max_used=2713Kb free=117351Kb
 bounds [0x00000214a8fe0000, 0x00000214a9290000, 0x00000214b0520000]
CodeHeap 'profiled nmethods': size=120000Kb used=16964Kb max_used=16964Kb free=103035Kb
 bounds [0x00000214a1ab0000, 0x00000214a2b50000, 0x00000214a8fe0000]
CodeHeap 'non-nmethods': size=5696Kb used=1241Kb max_used=1279Kb free=4454Kb
 bounds [0x00000214a1520000, 0x00000214a1790000, 0x00000214a1ab0000]
 total_blobs=8095 nmethods=7584 adapters=422
 compilation: enabled
              stopped_count=0, restarted_count=0
 full_count=0

Compilation events (20 events):
Event: 18.417 Thread 0x00000214b56ac800 nmethod 7729 0x00000214a2b26f90 code [0x00000214a2b27140, 0x00000214a2b27268]
Event: 18.428 Thread 0x00000214b56ac800 7731       2       org.jetbrains.kotlin.resolve.calls.components.CollectionTypeVariableUsagesInfo::process (149 bytes)
Event: 18.431 Thread 0x00000214b56ac800 nmethod 7731 0x00000214a2b27310 code [0x00000214a2b27640, 0x00000214a2b27ff8]
Event: 18.431 Thread 0x00000214b56ac800 7733       2       org.jetbrains.kotlin.util.slicedMap.SlicedMapImpl::lambda$forEach$0 (67 bytes)
Event: 18.431 Thread 0x00000214b56ac800 nmethod 7733 0x00000214a2b28710 code [0x00000214a2b28900, 0x00000214a2b28b68]
Event: 18.431 Thread 0x00000214b56ac800 7732       2       org.jetbrains.kotlin.resolve.calls.components.PostponedVariablesInitializerResolutionPart::process (296 bytes)
Event: 18.438 Thread 0x00000214b56ac800 nmethod 7732 0x00000214a2b28d10 code [0x00000214a2b29460, 0x00000214a2b2b548]
Event: 18.438 Thread 0x00000214b56ac800 7730       2       org.jetbrains.kotlin.resolve.calls.components.CreateFreshVariablesSubstitutor::process (582 bytes)
Event: 18.446 Thread 0x00000214b56ac800 nmethod 7730 0x00000214a2b2cc10 code [0x00000214a2b2d300, 0x00000214a2b2f2d8]
Event: 18.447 Thread 0x00000214b56ac800 7736       2       org.jetbrains.kotlin.resolve.scopes.LexicalScopeStorage::functionsByName (67 bytes)
Event: 18.448 Thread 0x00000214b56ac800 nmethod 7736 0x00000214a2b30990 code [0x00000214a2b30ba0, 0x00000214a2b30f98]
Event: 18.448 Thread 0x00000214b56ac800 7737       2       org.jetbrains.kotlin.descriptors.annotations.AnnotationSplitter$LazySplitAnnotations::findAnnotation (17 bytes)
Event: 18.449 Thread 0x00000214b56ac800 nmethod 7737 0x00000214a2b31210 code [0x00000214a2b314c0, 0x00000214a2b31b58]
Event: 18.449 Thread 0x00000214b56ac800 7734       2       java.util.AbstractList::subList (40 bytes)
Event: 18.450 Thread 0x00000214b56ac800 nmethod 7734 0x00000214a2b32010 code [0x00000214a2b32200, 0x00000214a2b32548]
Event: 18.450 Thread 0x00000214b56ac800 7735       2       java.util.AbstractList$SubList::<init> (35 bytes)
Event: 18.450 Thread 0x00000214b56ac800 nmethod 7735 0x00000214a2b32690 code [0x00000214a2b32840, 0x00000214a2b329d8]
Event: 18.472 Thread 0x00000214b56ac800 7738       2       kotlin.text.StringsKt__StringsKt::substringBefore$default (15 bytes)
Event: 18.473 Thread 0x00000214b56ac800 nmethod 7738 0x00000214a2b32a90 code [0x00000214a2b32c40, 0x00000214a2b32d48]
Event: 18.474 Thread 0x00000214b56ac800 7739       2       org.jetbrains.kotlin.types.FlexibleTypesKt::lowerIfFlexible (70 bytes)

GC Heap History (20 events):
Event: 7.934 GC heap before
{Heap before GC invocations=6 (full 0):
 garbage-first heap   total 76800K, used 44755K [0x00000000c2000000, 0x0000000100000000)
  region size 1024K, 29 young (29696K), 3 survivors (3072K)
 Metaspace       used 35436K, capacity 35709K, committed 35840K, reserved 1081344K
  class space    used 4177K, capacity 4288K, committed 4352K, reserved 1048576K
}
Event: 7.951 GC heap after
{Heap after GC invocations=7 (full 0):
 garbage-first heap   total 76800K, used 21506K [0x00000000c2000000, 0x0000000100000000)
  region size 1024K, 4 young (4096K), 4 survivors (4096K)
 Metaspace       used 35436K, capacity 35709K, committed 35840K, reserved 1081344K
  class space    used 4177K, capacity 4288K, committed 4352K, reserved 1048576K
}
Event: 7.964 GC heap before
{Heap before GC invocations=7 (full 0):
 garbage-first heap   total 76800K, used 21506K [0x00000000c2000000, 0x0000000100000000)
  region size 1024K, 5 young (5120K), 4 survivors (4096K)
 Metaspace       used 35539K, capacity 35805K, committed 35840K, reserved 1081344K
  class space    used 4190K, capacity 4320K, committed 4352K, reserved 1048576K
}
Event: 7.978 GC heap after
{Heap after GC invocations=8 (full 0):
 garbage-first heap   total 76800K, used 22072K [0x00000000c2000000, 0x0000000100000000)
  region size 1024K, 1 young (1024K), 1 survivors (1024K)
 Metaspace       used 35539K, capacity 35805K, committed 35840K, reserved 1081344K
  class space    used 4190K, capacity 4320K, committed 4352K, reserved 1048576K
}
Event: 9.786 GC heap before
{Heap before GC invocations=9 (full 0):
 garbage-first heap   total 76800K, used 49720K [0x00000000c2000000, 0x0000000100000000)
  region size 1024K, 28 young (28672K), 1 survivors (1024K)
 Metaspace       used 41845K, capacity 42159K, committed 42240K, reserved 1087488K
  class space    used 4946K, capacity 5086K, committed 5120K, reserved 1048576K
}
Event: 9.802 GC heap after
{Heap after GC invocations=10 (full 0):
 garbage-first heap   total 76800K, used 25419K [0x00000000c2000000, 0x0000000100000000)
  region size 1024K, 4 young (4096K), 4 survivors (4096K)
 Metaspace       used 41845K, capacity 42159K, committed 42240K, reserved 1087488K
  class space    used 4946K, capacity 5086K, committed 5120K, reserved 1048576K
}
Event: 10.613 GC heap before
{Heap before GC invocations=10 (full 0):
 garbage-first heap   total 76800K, used 54091K [0x00000000c2000000, 0x0000000100000000)
  region size 1024K, 31 young (31744K), 4 survivors (4096K)
 Metaspace       used 45144K, capacity 45594K, committed 45696K, reserved 1089536K
  class space    used 5270K, capacity 5432K, committed 5504K, reserved 1048576K
}
Event: 10.635 GC heap after
{Heap after GC invocations=11 (full 0):
 garbage-first heap   total 92160K, used 30705K [0x00000000c2000000, 0x0000000100000000)
  region size 1024K, 4 young (4096K), 4 survivors (4096K)
 Metaspace       used 45144K, capacity 45594K, committed 45696K, reserved 1089536K
  class space    used 5270K, capacity 5432K, committed 5504K, reserved 1048576K
}
Event: 11.178 GC heap before
{Heap before GC invocations=11 (full 0):
 garbage-first heap   total 92160K, used 61425K [0x00000000c2000000, 0x0000000100000000)
  region size 1024K, 34 young (34816K), 4 survivors (4096K)
 Metaspace       used 46049K, capacity 46483K, committed 46720K, reserved 1091584K
  class space    used 5312K, capacity 5468K, committed 5504K, reserved 1048576K
}
Event: 11.199 GC heap after
{Heap after GC invocations=12 (full 0):
 garbage-first heap   total 92160K, used 33792K [0x00000000c2000000, 0x0000000100000000)
  region size 1024K, 3 young (3072K), 3 survivors (3072K)
 Metaspace       used 46049K, capacity 46483K, committed 46720K, reserved 1091584K
  class space    used 5312K, capacity 5468K, committed 5504K, reserved 1048576K
}
Event: 13.030 GC heap before
{Heap before GC invocations=12 (full 0):
 garbage-first heap   total 92160K, used 64512K [0x00000000c2000000, 0x0000000100000000)
  region size 1024K, 33 young (33792K), 3 survivors (3072K)
 Metaspace       used 49491K, capacity 49936K, committed 50048K, reserved 1093632K
  class space    used 5565K, capacity 5749K, committed 5760K, reserved 1048576K
}
Event: 13.063 GC heap after
{Heap after GC invocations=13 (full 0):
 garbage-first heap   total 92160K, used 39301K [0x00000000c2000000, 0x0000000100000000)
  region size 1024K, 5 young (5120K), 5 survivors (5120K)
 Metaspace       used 49491K, capacity 49936K, committed 50048K, reserved 1093632K
  class space    used 5565K, capacity 5749K, committed 5760K, reserved 1048576K
}
Event: 13.753 GC heap before
{Heap before GC invocations=13 (full 0):
 garbage-first heap   total 92160K, used 67973K [0x00000000c2000000, 0x0000000100000000)
  region size 1024K, 33 young (33792K), 5 survivors (5120K)
 Metaspace       used 49816K, capacity 50331K, committed 50560K, reserved 1093632K
  class space    used 5572K, capacity 5753K, committed 5760K, reserved 1048576K
}
Event: 13.802 GC heap after
{Heap after GC invocations=14 (full 0):
 garbage-first heap   total 92160K, used 44560K [0x00000000c2000000, 0x0000000100000000)
  region size 1024K, 5 young (5120K), 5 survivors (5120K)
 Metaspace       used 49816K, capacity 50331K, committed 50560K, reserved 1093632K
  class space    used 5572K, capacity 5753K, committed 5760K, reserved 1048576K
}
Event: 14.706 GC heap before
{Heap before GC invocations=14 (full 0):
 garbage-first heap   total 92160K, used 70160K [0x00000000c2000000, 0x0000000100000000)
  region size 1024K, 30 young (30720K), 5 survivors (5120K)
 Metaspace       used 50496K, capacity 50985K, committed 51200K, reserved 1095680K
  class space    used 5646K, capacity 5822K, committed 5888K, reserved 1048576K
}
Event: 14.745 GC heap after
{Heap after GC invocations=15 (full 0):
 garbage-first heap   total 110592K, used 49039K [0x00000000c2000000, 0x0000000100000000)
  region size 1024K, 4 young (4096K), 4 survivors (4096K)
 Metaspace       used 50496K, capacity 50985K, committed 51200K, reserved 1095680K
  class space    used 5646K, capacity 5822K, committed 5888K, reserved 1048576K
}
Event: 16.056 GC heap before
{Heap before GC invocations=15 (full 0):
 garbage-first heap   total 110592K, used 79759K [0x00000000c2000000, 0x0000000100000000)
  region size 1024K, 34 young (34816K), 4 survivors (4096K)
 Metaspace       used 51132K, capacity 51625K, committed 51712K, reserved 1095680K
  class space    used 5720K, capacity 5886K, committed 5888K, reserved 1048576K
}
Event: 16.105 GC heap after
{Heap after GC invocations=16 (full 0):
 garbage-first heap   total 110592K, used 54019K [0x00000000c2000000, 0x0000000100000000)
  region size 1024K, 5 young (5120K), 5 survivors (5120K)
 Metaspace       used 51132K, capacity 51625K, committed 51712K, reserved 1095680K
  class space    used 5720K, capacity 5886K, committed 5888K, reserved 1048576K
}
Event: 16.929 GC heap before
{Heap before GC invocations=16 (full 0):
 garbage-first heap   total 110592K, used 82691K [0x00000000c2000000, 0x0000000100000000)
  region size 1024K, 33 young (33792K), 5 survivors (5120K)
 Metaspace       used 51582K, capacity 52059K, committed 52352K, reserved 1095680K
  class space    used 5758K, capacity 5924K, committed 6016K, reserved 1048576K
}
Event: 16.958 GC heap after
{Heap after GC invocations=17 (full 0):
 garbage-first heap   total 110592K, used 57030K [0x00000000c2000000, 0x0000000100000000)
  region size 1024K, 3 young (3072K), 3 survivors (3072K)
 Metaspace       used 51582K, capacity 52059K, committed 52352K, reserved 1095680K
  class space    used 5758K, capacity 5924K, committed 6016K, reserved 1048576K
}

Deoptimization events (20 events):
Event: 17.860 Thread 0x0000021498ddc800 Uncommon trap: trap_request=0xffffff4d fr.pc=0x00000214a921f214 relative=0x0000000000001134
Event: 17.860 Thread 0x0000021498ddc800 Uncommon trap: reason=unstable_if action=reinterpret pc=0x00000214a921f214 method=org.jetbrains.kotlin.resolve.DescriptorUtils.getFqNameSafeIfPossible(Lorg/jetbrains/kotlin/descriptors/DeclarationDescriptor;)Lorg/jetbrains/kotlin/name/FqName; @ 12 c2
Event: 17.860 Thread 0x0000021498ddc800 DEOPT PACKING pc=0x00000214a921f214 sp=0x000000ed71dfb690
Event: 17.860 Thread 0x0000021498ddc800 DEOPT UNPACKING pc=0x00000214a156a1af sp=0x000000ed71dfb600 mode 2
Event: 17.860 Thread 0x0000021498ddc800 Uncommon trap: trap_request=0xffffff4d fr.pc=0x00000214a9220574 relative=0x0000000000000694
Event: 17.860 Thread 0x0000021498ddc800 Uncommon trap: reason=unstable_if action=reinterpret pc=0x00000214a9220574 method=org.jetbrains.kotlin.name.FqNameUnsafe.child(Lorg/jetbrains/kotlin/name/Name;)Lorg/jetbrains/kotlin/name/FqNameUnsafe; @ 13 c2
Event: 17.860 Thread 0x0000021498ddc800 DEOPT PACKING pc=0x00000214a9220574 sp=0x000000ed71dfb700
Event: 17.860 Thread 0x0000021498ddc800 DEOPT UNPACKING pc=0x00000214a156a1af sp=0x000000ed71dfb650 mode 2
Event: 18.441 Thread 0x0000021498ddc800 Uncommon trap: trap_request=0xffffffc6 fr.pc=0x00000214a91804b4 relative=0x00000000000000f4
Event: 18.442 Thread 0x0000021498ddc800 Uncommon trap: reason=bimorphic_or_optimized_type_check action=maybe_recompile pc=0x00000214a91804b4 method=org.jetbrains.kotlin.com.intellij.psi.impl.source.tree.CompositeElement.findChildByType(Lorg/jetbrains/kotlin/com/intellij/psi/tree/IElementType;)L
Event: 18.442 Thread 0x0000021498ddc800 DEOPT PACKING pc=0x00000214a91804b4 sp=0x000000ed71dfbfe0
Event: 18.442 Thread 0x0000021498ddc800 DEOPT UNPACKING pc=0x00000214a156a1af sp=0x000000ed71dfbf78 mode 2
Event: 18.444 Thread 0x0000021498ddc800 Uncommon trap: trap_request=0xffffffc6 fr.pc=0x00000214a9262cbc relative=0x00000000000005bc
Event: 18.444 Thread 0x0000021498ddc800 Uncommon trap: reason=bimorphic_or_optimized_type_check action=maybe_recompile pc=0x00000214a9262cbc method=org.jetbrains.kotlin.com.intellij.psi.impl.source.tree.TreeElement.rawRemoveUpToWithoutNotifications(Lorg/jetbrains/kotlin/com/intellij/psi/impl/so
Event: 18.444 Thread 0x0000021498ddc800 DEOPT PACKING pc=0x00000214a9262cbc sp=0x000000ed71dfb950
Event: 18.444 Thread 0x0000021498ddc800 DEOPT UNPACKING pc=0x00000214a156a1af sp=0x000000ed71dfb8f0 mode 2
Event: 18.446 Thread 0x0000021498ddc800 Uncommon trap: trap_request=0xffffffc6 fr.pc=0x00000214a91804b4 relative=0x00000000000000f4
Event: 18.446 Thread 0x0000021498ddc800 Uncommon trap: reason=bimorphic_or_optimized_type_check action=maybe_recompile pc=0x00000214a91804b4 method=org.jetbrains.kotlin.com.intellij.psi.impl.source.tree.CompositeElement.findChildByType(Lorg/jetbrains/kotlin/com/intellij/psi/tree/IElementType;)L
Event: 18.446 Thread 0x0000021498ddc800 DEOPT PACKING pc=0x00000214a91804b4 sp=0x000000ed71dfc070
Event: 18.446 Thread 0x0000021498ddc800 DEOPT UNPACKING pc=0x00000214a156a1af sp=0x000000ed71dfc008 mode 2

Classes redefined (0 events):
No events

Internal exceptions (20 events):
Event: 14.164 Thread 0x0000021498ddc800 Exception <a 'java/lang/NoSuchMethodError'{0x00000000c6e863b8}: 'java.lang.Object java.lang.invoke.Invokers$Holder.linkToTargetMethod(java.lang.Object, java.lang.Object, java.lang.Object, java.lang.Object, java.lang.Object, java.lang.Object)'> (0x00000000c6e863b8) thrown at [./src/hotspot/share/interpreter/linkResolver.cpp, line 773]
Event: 14.219 Thread 0x0000021498ddc800 Implicit null exception at 0x00000214a90e0fcc to 0x00000214a90e10a8
Event: 14.227 Thread 0x0000021498ddc800 Exception <a 'java/lang/NoSuchMethodError'{0x00000000c6dd57b8}: 'void java.lang.invoke.DirectMethodHandle$Holder.invokeStatic(java.lang.Object, java.lang.Object, java.lang.Object, java.lang.Object)'> (0x00000000c6dd57b8) thrown at [./src/hotspot/share/interpreter/linkResolver.cpp, line 773]
Event: 16.694 Thread 0x0000021498ddc800 Implicit null exception at 0x00000214a91a5480 to 0x00000214a91accf8
Event: 16.694 Thread 0x0000021498ddc800 Implicit null exception at 0x00000214a91a5480 to 0x00000214a91accf8
Event: 16.694 Thread 0x0000021498ddc800 Implicit null exception at 0x00000214a91a5480 to 0x00000214a91accf8
Event: 16.694 Thread 0x0000021498ddc800 Implicit null exception at 0x00000214a91a5480 to 0x00000214a91accf8
Event: 16.694 Thread 0x0000021498ddc800 Implicit null exception at 0x00000214a91a5480 to 0x00000214a91accf8
Event: 16.694 Thread 0x0000021498ddc800 Implicit null exception at 0x00000214a91a5480 to 0x00000214a91accf8
Event: 16.694 Thread 0x0000021498ddc800 Implicit null exception at 0x00000214a91a5480 to 0x00000214a91accf8
Event: 16.694 Thread 0x0000021498ddc800 Implicit null exception at 0x00000214a91a5480 to 0x00000214a91accf8
Event: 16.695 Thread 0x0000021498ddc800 Implicit null exception at 0x00000214a91a5480 to 0x00000214a91accf8
Event: 16.696 Thread 0x0000021498ddc800 Implicit null exception at 0x00000214a91a5480 to 0x00000214a91accf8
Event: 16.696 Thread 0x0000021498ddc800 Implicit null exception at 0x00000214a91a5480 to 0x00000214a91accf8
Event: 16.696 Thread 0x0000021498ddc800 Implicit null exception at 0x00000214a91a5480 to 0x00000214a91accf8
Event: 17.214 Thread 0x0000021498ddc800 Implicit null exception at 0x00000214a90411de to 0x00000214a904194a
Event: 17.215 Thread 0x0000021498ddc800 Implicit null exception at 0x00000214a903ee2f to 0x00000214a903ee9d
Event: 18.165 Thread 0x0000021498ddc800 Exception <a 'java/lang/NoSuchMethodError'{0x00000000c7643e18}: 'int java.lang.invoke.DirectMethodHandle$Holder.invokeStaticInit(java.lang.Object, int)'> (0x00000000c7643e18) thrown at [./src/hotspot/share/interpreter/linkResolver.cpp, line 773]
Event: 18.234 Thread 0x0000021498ddc800 Exception <a 'java/lang/NoSuchMethodError'{0x00000000c7530958}: 'java.lang.Object java.lang.invoke.DirectMethodHandle$Holder.invokeInterface(java.lang.Object, java.lang.Object, java.lang.Object)'> (0x00000000c7530958) thrown at [./src/hotspot/share/interpreter/linkResolver.cpp, line 773]
Event: 18.234 Thread 0x0000021498ddc800 Exception <a 'java/lang/IncompatibleClassChangeError'{0x00000000c7533e30}: Found class java.lang.Object, but interface was expected> (0x00000000c7533e30) thrown at [./src/hotspot/share/interpreter/linkResolver.cpp, line 839]

Events (20 events):
Event: 18.462 loading class org/jetbrains/kotlin/contracts/description/expressions/VariableReference
Event: 18.462 loading class org/jetbrains/kotlin/contracts/description/expressions/VariableReference done
Event: 18.465 loading class org/jetbrains/kotlin/contracts/description/InvocationKind
Event: 18.465 loading class org/jetbrains/kotlin/contracts/description/InvocationKind done
Event: 18.466 loading class org/jetbrains/kotlin/contracts/description/CallsEffectDeclaration
Event: 18.466 loading class org/jetbrains/kotlin/contracts/description/CallsEffectDeclaration done
Event: 18.466 loading class org/jetbrains/kotlin/contracts/description/EffectDeclaration
Event: 18.466 loading class org/jetbrains/kotlin/contracts/description/EffectDeclaration done
Event: 18.467 loading class org/jetbrains/kotlin/contracts/description/ContractDescription
Event: 18.467 loading class org/jetbrains/kotlin/contracts/description/ContractDescription done
Event: 18.467 loading class org/jetbrains/kotlin/contracts/description/ContractDescription$computeFunctor$1
Event: 18.467 loading class org/jetbrains/kotlin/contracts/description/ContractDescription$computeFunctor$1 done
Event: 18.469 loading class org/jetbrains/kotlin/contracts/description/ContractProviderImpl
Event: 18.469 loading class org/jetbrains/kotlin/contracts/description/ContractProviderImpl done
Event: 18.469 loading class org/jetbrains/kotlin/contracts/description/AbstractContractProvider
Event: 18.469 loading class org/jetbrains/kotlin/contracts/description/AbstractContractProvider done
Event: 18.469 loading class org/jetbrains/kotlin/descriptors/ContractProvider
Event: 18.469 loading class org/jetbrains/kotlin/descriptors/ContractProvider done
Event: 18.471 loading class org/jetbrains/kotlin/resolve/deprecation/DeprecationResolver$WhenMappings
Event: 18.471 loading class org/jetbrains/kotlin/resolve/deprecation/DeprecationResolver$WhenMappings done


Dynamic libraries:
0x00007ff7c8a00000 - 0x00007ff7c8a0d000 	C:\Program Files\OpenJDK\openjdk-11.0.14.1_1\bin\java.exe
0x00007ffd54230000 - 0x00007ffd54428000 	C:\Windows\SYSTEM32\ntdll.dll
0x00007ffd53d40000 - 0x00007ffd53dfd000 	C:\Windows\System32\KERNEL32.DLL
0x00007ffd51cf0000 - 0x00007ffd51fbe000 	C:\Windows\System32\KERNELBASE.dll
0x00007ffd52010000 - 0x00007ffd52110000 	C:\Windows\System32\ucrtbase.dll
0x00007ffd475e0000 - 0x00007ffd475f7000 	C:\Program Files\OpenJDK\openjdk-11.0.14.1_1\bin\jli.dll
0x00007ffd47780000 - 0x00007ffd47795000 	C:\Program Files\OpenJDK\openjdk-11.0.14.1_1\bin\VCRUNTIME140.dll
0x00007ffd53320000 - 0x00007ffd534c0000 	C:\Windows\System32\USER32.dll
0x00007ffd521c0000 - 0x00007ffd521e2000 	C:\Windows\System32\win32u.dll
0x00007ffd3f200000 - 0x00007ffd3f49a000 	C:\Windows\WinSxS\amd64_microsoft.windows.common-controls_6595b64144ccf1df_6.0.19041.1110_none_60b5254171f9507e\COMCTL32.dll
0x00007ffd52290000 - 0x00007ffd5232e000 	C:\Windows\System32\msvcrt.dll
0x00007ffd541c0000 - 0x00007ffd541ea000 	C:\Windows\System32\GDI32.dll
0x00007ffd519e0000 - 0x00007ffd51aeb000 	C:\Windows\System32\gdi32full.dll
0x00007ffd51c50000 - 0x00007ffd51ced000 	C:\Windows\System32\msvcp_win.dll
0x00007ffd54190000 - 0x00007ffd541c0000 	C:\Windows\System32\IMM32.DLL
0x00007ffd30750000 - 0x00007ffd307eb000 	C:\Program Files\OpenJDK\openjdk-11.0.14.1_1\bin\msvcp140.dll
0x00007ffcfc430000 - 0x00007ffcfcf3d000 	C:\Program Files\OpenJDK\openjdk-11.0.14.1_1\bin\server\jvm.dll
0x00007ffd53270000 - 0x00007ffd5331e000 	C:\Windows\System32\ADVAPI32.dll
0x00007ffd53090000 - 0x00007ffd5312c000 	C:\Windows\System32\sechost.dll
0x00007ffd53c10000 - 0x00007ffd53d35000 	C:\Windows\System32\RPCRT4.dll
0x00007ffd52340000 - 0x00007ffd52348000 	C:\Windows\System32\PSAPI.DLL
0x00007ffd3b150000 - 0x00007ffd3b159000 	C:\Windows\SYSTEM32\WSOCK32.dll
0x00007ffd54060000 - 0x00007ffd540cb000 	C:\Windows\System32\WS2_32.dll
0x00007ffd3c100000 - 0x00007ffd3c127000 	C:\Windows\SYSTEM32\WINMM.dll
0x00007ffd49750000 - 0x00007ffd4975a000 	C:\Windows\SYSTEM32\VERSION.dll
0x00007ffd501e0000 - 0x00007ffd501f2000 	C:\Windows\SYSTEM32\kernel.appcore.dll
0x00007ffd4cbd0000 - 0x00007ffd4cbe0000 	C:\Program Files\OpenJDK\openjdk-11.0.14.1_1\bin\verify.dll
0x00007ffd4f740000 - 0x00007ffd4f924000 	C:\Windows\SYSTEM32\DBGHELP.DLL
0x00007ffd37a90000 - 0x00007ffd37abc000 	C:\Windows\SYSTEM32\dbgcore.DLL
0x00007ffd51950000 - 0x00007ffd519d2000 	C:\Windows\System32\bcryptPrimitives.dll
0x00007ffd42fe0000 - 0x00007ffd43008000 	C:\Program Files\OpenJDK\openjdk-11.0.14.1_1\bin\java.dll
0x00007ffd4adf0000 - 0x00007ffd4adfa000 	C:\Program Files\OpenJDK\openjdk-11.0.14.1_1\bin\jimage.dll
0x00007ffd47580000 - 0x00007ffd47598000 	C:\Program Files\OpenJDK\openjdk-11.0.14.1_1\bin\zip.dll
0x00007ffd534c0000 - 0x00007ffd53c04000 	C:\Windows\System32\SHELL32.dll
0x00007ffd4f930000 - 0x00007ffd500c4000 	C:\Windows\SYSTEM32\windows.storage.dll
0x00007ffd52d30000 - 0x00007ffd53084000 	C:\Windows\System32\combase.dll
0x00007ffd512e0000 - 0x00007ffd51310000 	C:\Windows\SYSTEM32\Wldp.dll
0x00007ffd52c80000 - 0x00007ffd52d2d000 	C:\Windows\System32\SHCORE.dll
0x00007ffd53210000 - 0x00007ffd53265000 	C:\Windows\System32\shlwapi.dll
0x00007ffd51890000 - 0x00007ffd518af000 	C:\Windows\SYSTEM32\profapi.dll
0x00007ffd42320000 - 0x00007ffd42339000 	C:\Program Files\OpenJDK\openjdk-11.0.14.1_1\bin\net.dll
0x00007ffd3f960000 - 0x00007ffd3fa6a000 	C:\Windows\SYSTEM32\WINHTTP.dll
0x00007ffd51040000 - 0x00007ffd510aa000 	C:\Windows\system32\mswsock.dll
0x00007ffd41e10000 - 0x00007ffd41e23000 	C:\Program Files\OpenJDK\openjdk-11.0.14.1_1\bin\nio.dll

dbghelp: loaded successfully - version: 4.0.5 - missing functions: none
symbol engine: initialized successfully - sym options: 0x614 - pdb path: .;C:\Program Files\OpenJDK\openjdk-11.0.14.1_1\bin;C:\Windows\SYSTEM32;C:\Windows\WinSxS\amd64_microsoft.windows.common-controls_6595b64144ccf1df_6.0.19041.1110_none_60b5254171f9507e;C:\Program Files\OpenJDK\openjdk-11.0.14.1_1\bin\server

VM Arguments:
java_command: org.jetbrains.kotlin.cli.jvm.K2JVMCompiler @C:\Users\jonie\Documents\Projetos React Native\DesafioGitHubExplorer\node_modules\react-native-screens\android\build\20220908_10536744976628038346.compiler.options
java_class_path (initial): C:\Users\jonie\.gradle\caches\modules-2\files-2.1\org.jetbrains.kotlin\kotlin-compiler-embeddable\1.4.10\38c4b99d5d5362debdd9302a866730379aa2328a\kotlin-compiler-embeddable-1.4.10.jar;C:\Users\jonie\.gradle\caches\modules-2\files-2.1\org.jetbrains.kotlin\kotlin-reflect\1.4.10\e2b3c6695eee6085e606d96d685396dce23a3a06\kotlin-reflect-1.4.10.jar;C:\Users\jonie\.gradle\caches\modules-2\files-2.1\org.jetbrains.kotlin\kotlin-stdlib\1.4.10\ea29e063d2bbe695be13e9d044dcfb0c7add398e\kotlin-stdlib-1.4.10.jar;C:\Users\jonie\.gradle\caches\modules-2\files-2.1\org.jetbrains.kotlin\kotlin-script-runtime\1.4.10\7c19d9c2001e016cd7664cebe9eea66fc04a7f4f\kotlin-script-runtime-1.4.10.jar;C:\Users\jonie\.gradle\caches\modules-2\files-2.1\org.jetbrains.kotlin\kotlin-daemon-embeddable\1.4.10\dbd67f42bed28043d17d7c860b06110a00a45970\kotlin-daemon-embeddable-1.4.10.jar;C:\Users\jonie\.gradle\caches\modules-2\files-2.1\org.jetbrains.intellij.deps\trove4j\1.0.20181211\216c2e14b070f334479d800987affe4054cd563f\trove4j-1.0.20181211.jar;C:\Users\jonie\.gradle\caches\modules-2\files-2.1\org.jetbrains.kotlin\kotlin-stdlib-common\1.4.10\6229be3465805c99db1142ad75e6c6ddeac0b04c\kotlin-stdlib-common-1.4.10.jar;C:\Users\jonie\.gradle\caches\modules-2\files-2.1\org.jetbrains\annotations\13.0\919f0dfe192fb4e063e7dacadee7f8bb9a2672a9\annotations-13.0.jar
Launcher Type: SUN_STANDARD

[Global flags]
     intx CICompilerCount                          = 3                                         {product} {ergonomic}
     uint ConcGCThreads                            = 1                                         {product} {ergonomic}
     uint G1ConcRefinementThreads                  = 4                                         {product} {ergonomic}
   size_t G1HeapRegionSize                         = 1048576                                   {product} {ergonomic}
    uintx GCDrainStackTargetSize                   = 64                                        {product} {ergonomic}
   size_t InitialHeapSize                          = 65011712                                  {product} {ergonomic}
   size_t MarkStackSize                            = 4194304                                   {product} {ergonomic}
   size_t MaxHeapSize                              = 1040187392                                {product} {ergonomic}
   size_t MaxNewSize                               = 623902720                                 {product} {ergonomic}
   size_t MinHeapDeltaBytes                        = 1048576                                   {product} {ergonomic}
    uintx NonNMethodCodeHeapSize                   = 5830732                                {pd product} {ergonomic}
    uintx NonProfiledCodeHeapSize                  = 122913754                              {pd product} {ergonomic}
    uintx ProfiledCodeHeapSize                     = 122913754                              {pd product} {ergonomic}
    uintx ReservedCodeCacheSize                    = 251658240                              {pd product} {ergonomic}
     bool SegmentedCodeCache                       = true                                      {product} {ergonomic}
     bool UseCompressedClassPointers               = true                                 {lp64_product} {ergonomic}
     bool UseCompressedOops                        = true                                 {lp64_product} {ergonomic}
     bool UseG1GC                                  = true                                      {product} {ergonomic}
     bool UseLargePagesIndividualAllocation        = false                                  {pd product} {ergonomic}

Logging:
Log output configuration:
 #0: stdout all=warning uptime,level,tags
 #1: stderr all=off uptime,level,tags

Environment Variables:
JAVA_HOME=C:\Program Files\OpenJDK\openjdk-11.0.14.1_1
CLASSPATH=C:\Users\jonie\Documents\Projetos React Native\DesafioGitHubExplorer\android\\gradle\wrapper\gradle-wrapper.jar
PATH=C:\Users\jonie\AppData\Roaming\npm\node_modules\expo-cli\node_modules\xdl\binaries\windows\adb;;;;C:\Windows\system32;C:\Windows;C:\Windows\System32\Wbem;C:\Windows\System32\WindowsPowerShell\v1.0\;C:\Windows\System32\OpenSSH\;C:\ProgramData\chocolatey\bin;C:\Program Files\nodejs\;C:\Program Files (x86)\Yarn\bin\;C:\Program Files\Git\cmd;C:\Program Files\OpenJDK\openjdk-11.0.14.1_1\bin;C:\Android\Sdk\emulatorC:\Android\Sdk\toolsC:\Android\Sdk\tools\binC:\Android\Sdk\platform-toolsC:\Users\jonie\AppData\Local\Yarn\bin;C:\Users\jonie\AppData\Local\Microsoft\WindowsApps;C:\Users\jonie\AppData\Local\Programs\Microsoft VS Code\bin;C:\Users\jonie\AppData\Local\GitHubDesktop\bin;C:\Users\jonie\AppData\Roaming\npm;C:\Users\jonie\AppData\Local\Yarn\bin
USERNAME=jonie
LANG=pt_BR.UTF-8
OS=Windows_NT
PROCESSOR_IDENTIFIER=Intel64 Family 6 Model 142 Stepping 9, GenuineIntel



---------------  S Y S T E M  ---------------

OS: Windows 10 , 64 bit Build 19041 (10.0.19041.1889)
OS uptime: 20 days 4:41 hours

CPU:total 4 (initial active 4) (2 cores per cpu, 2 threads per core) family 6 model 142 stepping 9 microcode 0xb4, cmov, cx8, fxsr, mmx, sse, sse2, sse3, ssse3, sse4.1, sse4.2, popcnt, avx, avx2, aes, clmul, erms, 3dnowpref, lzcnt, ht, tsc, tscinvbit, bmi1, bmi2, adx, fma

Memory: 4k page, system-wide physical 3962M (192M free)
TotalPageFile size 16250M (AvailPageFile size 17M)
current process WorkingSet (physical memory assigned to process): 195M, peak: 223M
current process commit charge ("private bytes"): 288M, peak: 290M

vm_info: OpenJDK 64-Bit Server VM (11.0.14.1+1) for windows-amd64 JRE (11.0.14.1+1), built on Feb  9 2022 18:53:32 by "" with unknown MS VC++:1916

END.
